<?xml version="1.0" encoding="UTF-8"?>
<!-- Generated by org.testng.reporters.JUnitXMLReporter -->
<testsuite ignored="0" hostname="karthika-SVF15218SNB" failures="0" tests="9" name=" Leads" time="161.464" errors="0" timestamp="2021-05-30T12:35:02 IST">
  <testcase classname="testNG.TC4ReadExcelForAllTC.CreateLead" name="runCreateLead" time="6.333"/>
  <testcase classname="testNG.TC4ReadExcelForAllTC.CreateLead" name="runCreateLead" time="4.478"/>
  <testcase classname="testNG.TC4ReadExcelForAllTC.EditLead" name="editLead" time="9.868"/>
  <testcase classname="testNG.TC4ReadExcelForAllTC.EditLead" name="editLead" time="10.96"/>
  <testcase classname="testNG.TC4ReadExcelForAllTC.DuplicateLead" name="duplicateLead" time="9.819"/>
  <testcase classname="testNG.TC4ReadExcelForAllTC.DuplicateLead" name="duplicateLead" time="9.044"/>
  <testcase classname="testNG.TC4ReadExcelForAllTC.MergeLead" name="mergeLead" time="17.037"/>
  <testcase classname="testNG.TC4ReadExcelForAllTC.DeleteLead" name="deleteLead" time="8.383"/>
  <testcase classname="testNG.TC4ReadExcelForAllTC.DeleteLead" name="deleteLead" time="7.995"/>
</testsuite> <!--  Leads -->
